[0.797s] Invoking command in '/home/anand/ros2_ws/src/my_robot_pkg': PYTHONPATH=/home/anand/ros2_ws/build/my_robot_pkg/prefix_override:/usr/lib/python3/dist-packages/colcon_core/task/python/colcon_distutils_commands:/home/anand/ros2_ws/install/my_robot_pkg/lib/python3.10/site-packages:${PYTHONPATH} /usr/bin/python3 -W ignore:setup.py install is deprecated -W ignore:easy_install command is deprecated setup.py egg_info --egg-base ../../build/my_robot_pkg build --build-base /home/anand/ros2_ws/build/my_robot_pkg/build install --record /home/anand/ros2_ws/build/my_robot_pkg/install.log --single-version-externally-managed install_data
[1.075s] running egg_info
[1.075s] creating ../../build/my_robot_pkg/my_robot_pkg.egg-info
[1.076s] writing ../../build/my_robot_pkg/my_robot_pkg.egg-info/PKG-INFO
[1.076s] writing dependency_links to ../../build/my_robot_pkg/my_robot_pkg.egg-info/dependency_links.txt
[1.076s] writing entry points to ../../build/my_robot_pkg/my_robot_pkg.egg-info/entry_points.txt
[1.077s] writing requirements to ../../build/my_robot_pkg/my_robot_pkg.egg-info/requires.txt
[1.077s] writing top-level names to ../../build/my_robot_pkg/my_robot_pkg.egg-info/top_level.txt
[1.077s] writing manifest file '../../build/my_robot_pkg/my_robot_pkg.egg-info/SOURCES.txt'
[1.080s] reading manifest file '../../build/my_robot_pkg/my_robot_pkg.egg-info/SOURCES.txt'
[1.081s] writing manifest file '../../build/my_robot_pkg/my_robot_pkg.egg-info/SOURCES.txt'
[1.081s] running build
[1.082s] running build_py
[1.082s] creating /home/anand/ros2_ws/build/my_robot_pkg/build
[1.082s] creating /home/anand/ros2_ws/build/my_robot_pkg/build/lib
[1.082s] creating /home/anand/ros2_ws/build/my_robot_pkg/build/lib/my_robot_pkg
[1.083s] copying my_robot_pkg/publisher_node.py -> /home/anand/ros2_ws/build/my_robot_pkg/build/lib/my_robot_pkg
[1.083s] copying my_robot_pkg/turtle_controller.py -> /home/anand/ros2_ws/build/my_robot_pkg/build/lib/my_robot_pkg
[1.083s] copying my_robot_pkg/__init__.py -> /home/anand/ros2_ws/build/my_robot_pkg/build/lib/my_robot_pkg
[1.083s] copying my_robot_pkg/temperature_subscriber.py -> /home/anand/ros2_ws/build/my_robot_pkg/build/lib/my_robot_pkg
[1.083s] copying my_robot_pkg/temprature_publisher.py -> /home/anand/ros2_ws/build/my_robot_pkg/build/lib/my_robot_pkg
[1.084s] copying my_robot_pkg/subscriber_node.py -> /home/anand/ros2_ws/build/my_robot_pkg/build/lib/my_robot_pkg
[1.084s] running install
[1.084s] running install_lib
[1.086s] creating /home/anand/ros2_ws/install/my_robot_pkg/lib/python3.10/site-packages/my_robot_pkg
[1.086s] copying /home/anand/ros2_ws/build/my_robot_pkg/build/lib/my_robot_pkg/publisher_node.py -> /home/anand/ros2_ws/install/my_robot_pkg/lib/python3.10/site-packages/my_robot_pkg
[1.087s] copying /home/anand/ros2_ws/build/my_robot_pkg/build/lib/my_robot_pkg/turtle_controller.py -> /home/anand/ros2_ws/install/my_robot_pkg/lib/python3.10/site-packages/my_robot_pkg
[1.087s] copying /home/anand/ros2_ws/build/my_robot_pkg/build/lib/my_robot_pkg/__init__.py -> /home/anand/ros2_ws/install/my_robot_pkg/lib/python3.10/site-packages/my_robot_pkg
[1.087s] copying /home/anand/ros2_ws/build/my_robot_pkg/build/lib/my_robot_pkg/temperature_subscriber.py -> /home/anand/ros2_ws/install/my_robot_pkg/lib/python3.10/site-packages/my_robot_pkg
[1.087s] copying /home/anand/ros2_ws/build/my_robot_pkg/build/lib/my_robot_pkg/temprature_publisher.py -> /home/anand/ros2_ws/install/my_robot_pkg/lib/python3.10/site-packages/my_robot_pkg
[1.087s] copying /home/anand/ros2_ws/build/my_robot_pkg/build/lib/my_robot_pkg/subscriber_node.py -> /home/anand/ros2_ws/install/my_robot_pkg/lib/python3.10/site-packages/my_robot_pkg
[1.088s] byte-compiling /home/anand/ros2_ws/install/my_robot_pkg/lib/python3.10/site-packages/my_robot_pkg/publisher_node.py to publisher_node.cpython-310.pyc
[1.088s] byte-compiling /home/anand/ros2_ws/install/my_robot_pkg/lib/python3.10/site-packages/my_robot_pkg/turtle_controller.py to turtle_controller.cpython-310.pyc
[1.089s] byte-compiling /home/anand/ros2_ws/install/my_robot_pkg/lib/python3.10/site-packages/my_robot_pkg/__init__.py to __init__.cpython-310.pyc
[1.089s] byte-compiling /home/anand/ros2_ws/install/my_robot_pkg/lib/python3.10/site-packages/my_robot_pkg/temperature_subscriber.py to temperature_subscriber.cpython-310.pyc
[1.090s]   File "/home/anand/ros2_ws/install/my_robot_pkg/lib/python3.10/site-packages/my_robot_pkg/temperature_subscriber.py", line 3
[1.090s]     from std_msgs>msg import string
[1.090s]                  ^
[1.090s] SyntaxError: invalid syntax
[1.090s] 
[1.090s] byte-compiling /home/anand/ros2_ws/install/my_robot_pkg/lib/python3.10/site-packages/my_robot_pkg/temprature_publisher.py to temprature_publisher.cpython-310.pyc
[1.091s] byte-compiling /home/anand/ros2_ws/install/my_robot_pkg/lib/python3.10/site-packages/my_robot_pkg/subscriber_node.py to subscriber_node.cpython-310.pyc
[1.091s] running install_data
[1.091s] creating /home/anand/ros2_ws/install/my_robot_pkg/share/ament_index
[1.091s] creating /home/anand/ros2_ws/install/my_robot_pkg/share/ament_index/resource_index
[1.091s] creating /home/anand/ros2_ws/install/my_robot_pkg/share/ament_index/resource_index/packages
[1.092s] copying resource/my_robot_pkg -> /home/anand/ros2_ws/install/my_robot_pkg/share/ament_index/resource_index/packages
[1.092s] copying package.xml -> /home/anand/ros2_ws/install/my_robot_pkg/share/my_robot_pkg
[1.092s] running install_egg_info
[1.094s] Copying ../../build/my_robot_pkg/my_robot_pkg.egg-info to /home/anand/ros2_ws/install/my_robot_pkg/lib/python3.10/site-packages/my_robot_pkg-0.0.0-py3.10.egg-info
[1.095s] running install_scripts
[1.121s] Installing publisher_node script to /home/anand/ros2_ws/install/my_robot_pkg/lib/my_robot_pkg
[1.121s] Installing subscriber_node script to /home/anand/ros2_ws/install/my_robot_pkg/lib/my_robot_pkg
[1.121s] Installing temperature_subscriber script to /home/anand/ros2_ws/install/my_robot_pkg/lib/my_robot_pkg
[1.121s] Installing temprature_publisher script to /home/anand/ros2_ws/install/my_robot_pkg/lib/my_robot_pkg
[1.122s] Installing turtle_controller script to /home/anand/ros2_ws/install/my_robot_pkg/lib/my_robot_pkg
[1.122s] writing list of installed files to '/home/anand/ros2_ws/build/my_robot_pkg/install.log'
[1.154s] Invoked command in '/home/anand/ros2_ws/src/my_robot_pkg' returned '0': PYTHONPATH=/home/anand/ros2_ws/build/my_robot_pkg/prefix_override:/usr/lib/python3/dist-packages/colcon_core/task/python/colcon_distutils_commands:/home/anand/ros2_ws/install/my_robot_pkg/lib/python3.10/site-packages:${PYTHONPATH} /usr/bin/python3 -W ignore:setup.py install is deprecated -W ignore:easy_install command is deprecated setup.py egg_info --egg-base ../../build/my_robot_pkg build --build-base /home/anand/ros2_ws/build/my_robot_pkg/build install --record /home/anand/ros2_ws/build/my_robot_pkg/install.log --single-version-externally-managed install_data
